\BOOKMARK [0][-]{section*.1}{\376\377\144\130\000\040\211\201}{}% 1
\BOOKMARK [0][-]{section*.3}{\376\377\000A\000b\000s\000t\000r\000a\000c\000t}{}% 2
\BOOKMARK [0][-]{chapter.1}{\376\377\176\352\213\272}{}% 3
\BOOKMARK [1][-]{section.1.1}{\376\377\170\024\172\166\200\314\146\157}{chapter.1}% 4
\BOOKMARK [1][-]{section.1.2}{\376\377\126\375\121\205\131\026\170\024\172\166\163\260\162\266}{chapter.1}% 5
\BOOKMARK [2][-]{subsection.1.2.1}{\376\377\127\372\116\216\220\073\217\221\166\204\000N\000L\0002\000S\000Q\000L\145\271\154\325}{section.1.2}% 6
\BOOKMARK [2][-]{subsection.1.2.2}{\376\377\127\372\116\216\155\361\136\246\133\146\116\140\166\204\000N\000L\0002\000S\000Q\000L\145\271\154\325}{section.1.2}% 7
\BOOKMARK [3][-]{subsubsection.1.2.2.1}{\376\377\227\142\124\021\123\125\210\150\166\204\000N\000L\0002\000S\000Q\000L}{subsection.1.2.2}% 8
\BOOKMARK [3][-]{subsubsection.1.2.2.2}{\376\377\227\142\124\021\131\032\210\150\166\204\000N\000L\0002\000S\000Q\000L}{subsection.1.2.2}% 9
\BOOKMARK [3][-]{subsubsection.1.2.2.3}{\376\377\127\372\116\216\230\204\213\255\176\303\213\355\212\000\152\041\127\213\166\204\000N\000L\0002\000S\000Q\000L}{subsection.1.2.2}% 10
\BOOKMARK [1][-]{section.1.3}{\376\377\133\130\127\050\225\356\230\230\122\006\147\220}{chapter.1}% 11
\BOOKMARK [1][-]{section.1.4}{\376\377\213\272\145\207\135\345\117\134}{chapter.1}% 12
\BOOKMARK [1][-]{section.1.5}{\376\377\213\272\145\207\176\304\176\307\140\305\121\265}{chapter.1}% 13
\BOOKMARK [0][-]{chapter.2}{\376\377\127\372\116\216\143\251\170\001\147\072\122\066\166\204\210\150\150\074\230\204\213\255\176\303\150\106\147\266}{}% 14
\BOOKMARK [1][-]{section.2.1}{\376\377\225\356\230\230\133\232\116\111}{chapter.2}% 15
\BOOKMARK [2][-]{subsection.2.1.1}{\376\377\210\150\150\074\230\204\213\255\176\303\152\041\127\213}{section.2.1}% 16
\BOOKMARK [2][-]{subsection.2.1.2}{\376\377\170\024\172\166\122\250\147\072}{section.2.1}% 17
\BOOKMARK [1][-]{section.2.2}{\376\377\152\041\127\213\145\164\117\123\150\106\147\266}{chapter.2}% 18
\BOOKMARK [1][-]{section.2.3}{\376\377\127\372\116\216\116\055\225\364\210\150\171\072\210\145\121\105\166\204\210\150\150\074\230\204\213\255\176\303\152\041\127\213}{chapter.2}% 19
\BOOKMARK [2][-]{subsection.2.3.1}{\376\377\145\160\143\156\130\236\137\072}{section.2.3}% 20
\BOOKMARK [2][-]{subsection.2.3.2}{\376\377\230\204\213\255\176\303\116\373\122\241}{section.2.3}% 21
\BOOKMARK [3][-]{subsubsection.2.3.2.1}{\376\377\116\055\225\364\210\150\171\072\130\153\121\105}{subsection.2.3.2}% 22
\BOOKMARK [3][-]{subsubsection.2.3.2.2}{\376\377\152\041\137\017\224\376\143\245}{subsection.2.3.2}% 23
\BOOKMARK [1][-]{section.2.4}{\376\377\152\041\127\213\166\204\213\255\176\303\166\356\150\007\116\016\143\137\131\061\121\375\145\160}{chapter.2}% 24
\BOOKMARK [1][-]{section.2.5}{\376\377\133\236\232\214\213\304\117\060}{chapter.2}% 25
\BOOKMARK [2][-]{subsection.2.5.1}{\376\377\145\160\143\156\226\306}{section.2.5}% 26
\BOOKMARK [2][-]{subsection.2.5.2}{\376\377\215\205\123\302\145\160\213\276\177\156}{section.2.5}% 27
\BOOKMARK [2][-]{subsection.2.5.3}{\376\377\133\236\232\214\176\323\147\234\116\016\122\006\147\220}{section.2.5}% 28
\BOOKMARK [3][-]{subsubsection.2.5.3.1}{\376\377\140\047\200\375\133\236\232\214}{subsection.2.5.3}% 29
\BOOKMARK [3][-]{subsubsection.2.5.3.2}{\376\377\116\015\124\014\130\153\121\105\145\271\137\017\166\204\133\371\153\324\133\236\232\214}{subsection.2.5.3}% 30
\BOOKMARK [3][-]{subsubsection.2.5.3.3}{\376\377\155\210\207\215\133\236\232\214}{subsection.2.5.3}% 31
\BOOKMARK [1][-]{section.2.6}{\376\377\147\054\172\340\134\017\176\323}{chapter.2}% 32
\BOOKMARK [0][-]{chapter.3}{\376\377\127\372\116\216\131\015\147\102\225\356\230\230\122\006\211\343\166\204\000N\000L\0002\000S\000Q\000L\152\041\127\213}{}% 33
\BOOKMARK [1][-]{section.3.1}{\376\377\225\356\230\230\133\232\116\111}{chapter.3}% 34
\BOOKMARK [2][-]{subsection.3.1.1}{\376\377\000N\000L\0002\000S\000Q\000L\133\232\116\111}{section.3.1}% 35
\BOOKMARK [2][-]{subsection.3.1.2}{\376\377\170\024\172\166\122\250\147\072}{section.3.1}% 36
\BOOKMARK [1][-]{section.3.2}{\376\377\152\041\127\213\145\164\117\123\150\106\147\266}{chapter.3}% 37
\BOOKMARK [1][-]{section.3.3}{\376\377\127\372\116\216\150\007\154\350\122\006\211\343\166\204\000N\000L\0002\000S\000Q\000L\152\041\127\213}{chapter.3}% 38
\BOOKMARK [2][-]{subsection.3.3.1}{\376\377\131\015\147\102\225\356\230\230\122\006\211\343}{section.3.3}% 39
\BOOKMARK [2][-]{subsection.3.3.2}{\376\377\150\007\154\350\122\006\211\343\145\271\154\325}{section.3.3}% 40
\BOOKMARK [2][-]{subsection.3.3.3}{\376\377\177\026\170\001\134\102}{section.3.3}% 41
\BOOKMARK [3][-]{subsubsection.3.3.3.1}{\376\377\121\163\174\373\126\376\123\167\171\357\171\136\176\317\177\121\176\334}{subsection.3.3.3}% 42
\BOOKMARK [3][-]{subsubsection.3.3.3.2}{\376\377\121\163\174\373\141\037\167\345\000T\000r\000a\000n\000s\000f\000o\000r\000m\000e\000r}{subsection.3.3.3}% 43
\BOOKMARK [3][-]{subsubsection.3.3.3.3}{\376\377\126\376\147\204\136\372\124\214\177\026\170\001}{subsection.3.3.3}% 44
\BOOKMARK [2][-]{subsection.3.3.4}{\376\377\211\343\170\001\134\102}{section.3.3}% 45
\BOOKMARK [2][-]{subsection.3.3.5}{\376\377\217\205\122\251\116\373\122\241}{section.3.3}% 46
\BOOKMARK [1][-]{section.3.4}{\376\377\152\041\127\213\166\204\213\255\176\303\166\356\150\007\116\016\143\137\131\061\121\375\145\160}{chapter.3}% 47
\BOOKMARK [1][-]{section.3.5}{\376\377\133\236\232\214\213\304\117\060}{chapter.3}% 48
\BOOKMARK [2][-]{subsection.3.5.1}{\376\377\145\160\143\156\226\306}{section.3.5}% 49
\BOOKMARK [2][-]{subsection.3.5.2}{\376\377\215\205\123\302\145\160\213\276\177\156}{section.3.5}% 50
\BOOKMARK [2][-]{subsection.3.5.3}{\376\377\133\236\232\214\176\323\147\234\116\016\122\006\147\220}{section.3.5}% 51
\BOOKMARK [3][-]{subsubsection.3.5.3.1}{\376\377\140\047\200\375\133\236\232\214}{subsection.3.5.3}% 52
\BOOKMARK [3][-]{subsubsection.3.5.3.2}{\376\377\155\210\207\215\133\236\232\214}{subsection.3.5.3}% 53
\BOOKMARK [3][-]{subsubsection.3.5.3.3}{\376\377\123\357\211\306\123\026}{subsection.3.5.3}% 54
\BOOKMARK [3][-]{subsubsection.3.5.3.4}{\376\377\150\110\117\213\122\006\147\220}{subsection.3.5.3}% 55
\BOOKMARK [3][-]{subsubsection.3.5.3.5}{\376\377\225\031\213\357\122\006\147\220}{subsection.3.5.3}% 56
\BOOKMARK [1][-]{section.3.6}{\376\377\147\054\172\340\134\017\176\323}{chapter.3}% 57
\BOOKMARK [0][-]{chapter.4}{\376\377\140\073\176\323\116\016\134\125\147\033}{}% 58
\BOOKMARK [1][-]{section.4.1}{\376\377\116\073\211\201\135\345\117\134\140\073\176\323}{chapter.4}% 59
\BOOKMARK [1][-]{section.4.2}{\376\377\147\052\147\145\135\345\117\134\134\125\147\033}{chapter.4}% 60
\BOOKMARK [0][-]{section*.45}{\376\377\201\364\214\042}{}% 61
\BOOKMARK [0][-]{section*.47}{\376\377\123\302\200\003\145\207\163\056}{}% 62
\BOOKMARK [0][-]{section*.49}{\376\377\117\134\200\005\173\200\116\313}{}% 63
